[info] Log at : 2024/5/5|18:28:42|GMT+0800

[info] Log at : 2024/5/5|18:29:09|GMT+0800

[info] Log at : 2024/5/5|18:32:39|GMT+0800

[info] Log at : 2024/5/5|18:35:07|GMT+0800

[info] Log at : 2024/5/5|18:36:41|GMT+0800

[info] Log at : 2024/5/5|18:39:58|GMT+0800

[info] Log at : 2024/5/5|18:40:57|GMT+0800

[info] Log at : 2024/5/5|18:41:13|GMT+0800

[info] Log at : 2024/5/5|18:47:17|GMT+0800

[info] Log at : 2024/5/5|18:47:32|GMT+0800

Log at : 2024/5/5|20:08:48|GMT+0800

Log at : 2024/5/5|20:11:07|GMT+0800

Log at : 2024/5/5|20:12:40|GMT+0800

Log at : 2024/5/5|20:20:01|GMT+0800

[Project Close]: 2-1
Log at : 2024/5/5|20:25:44|GMT+0800

[Error: EPERM: operation not permitted, open 'c:\Users\28207\Documents\51\STC89C52RC\.vscode\c_cpp_properties.json'
	at Object.openSync (node:fs:605:3)
	at Object.func [as openSync] (node:electron/js2c/node_init:2:2214)
	at Object.writeFileSync (node:fs:2345:35)
	at a.Write (c:\Users\28207\.vscode\extensions\cl.keil-assistant-1.6.2\dist\extension.js:1:3479)
	at b.updateCppProperties (c:\Users\28207\.vscode\extensions\cl.keil-assistant-1.6.2\dist\extension.js:1:10334)
	at b.<anonymous> (c:\Users\28207\.vscode\extensions\cl.keil-assistant-1.6.2\dist\extension.js:1:11492)
	at Generator.next (<anonymous>)
	at c:\Users\28207\.vscode\extensions\cl.keil-assistant-1.6.2\dist\extension.js:1:4542
	at new Promise (<anonymous>)
	at r (c:\Users\28207\.vscode\extensions\cl.keil-assistant-1.6.2\dist\extension.js:1:4287)
	at b.load (c:\Users\28207\.vscode\extensions\cl.keil-assistant-1.6.2\dist\extension.js:1:10382)
	at x.<anonymous> (c:\Users\28207\.vscode\extensions\cl.keil-assistant-1.6.2\dist\extension.js:1:8182)
	at Generator.next (<anonymous>)
	at a (c:\Users\28207\.vscode\extensions\cl.keil-assistant-1.6.2\dist\extension.js:1:4344)] {
  errno: -4048,
  syscall: 'open',
  code: 'EPERM',
  path: 'c:\\Users\\28207\\Documents\\51\\STC89C52RC\\.vscode\\c_cpp_properties.json'
}
[Error: EPERM: operation not permitted, open 'c:\Users\28207\Documents\51\STC89C52RC\.vscode\c_cpp_properties.json'
	at Object.openSync (node:fs:605:3)
	at Object.func [as openSync] (node:electron/js2c/node_init:2:2214)
	at Object.writeFileSync (node:fs:2345:35)
	at a.Write (c:\Users\28207\.vscode\extensions\cl.keil-assistant-1.6.2\dist\extension.js:1:3479)
	at b.updateCppProperties (c:\Users\28207\.vscode\extensions\cl.keil-assistant-1.6.2\dist\extension.js:1:10334)
	at b.<anonymous> (c:\Users\28207\.vscode\extensions\cl.keil-assistant-1.6.2\dist\extension.js:1:11492)
	at Generator.next (<anonymous>)
	at c:\Users\28207\.vscode\extensions\cl.keil-assistant-1.6.2\dist\extension.js:1:4542
	at new Promise (<anonymous>)
	at r (c:\Users\28207\.vscode\extensions\cl.keil-assistant-1.6.2\dist\extension.js:1:4287)
	at b.load (c:\Users\28207\.vscode\extensions\cl.keil-assistant-1.6.2\dist\extension.js:1:10382)
	at x.<anonymous> (c:\Users\28207\.vscode\extensions\cl.keil-assistant-1.6.2\dist\extension.js:1:8182)
	at Generator.next (<anonymous>)
	at a (c:\Users\28207\.vscode\extensions\cl.keil-assistant-1.6.2\dist\extension.js:1:4344)
	at process.processTicksAndRejections (node:internal/process/task_queues:95:5)] {
  errno: -4048,
  syscall: 'open',
  code: 'EPERM',
  path: 'c:\\Users\\28207\\Documents\\51\\STC89C52RC\\.vscode\\c_cpp_properties.json'
}
[Error: EPERM: operation not permitted, open 'c:\Users\28207\Documents\51\STC89C52RC\.vscode\c_cpp_properties.json'
	at Object.openSync (node:fs:605:3)
	at Object.func [as openSync] (node:electron/js2c/node_init:2:2214)
	at Object.writeFileSync (node:fs:2345:35)
	at a.Write (c:\Users\28207\.vscode\extensions\cl.keil-assistant-1.6.2\dist\extension.js:1:3479)
	at b.updateCppProperties (c:\Users\28207\.vscode\extensions\cl.keil-assistant-1.6.2\dist\extension.js:1:10334)
	at b.<anonymous> (c:\Users\28207\.vscode\extensions\cl.keil-assistant-1.6.2\dist\extension.js:1:11492)
	at Generator.next (<anonymous>)
	at c:\Users\28207\.vscode\extensions\cl.keil-assistant-1.6.2\dist\extension.js:1:4542
	at new Promise (<anonymous>)
	at r (c:\Users\28207\.vscode\extensions\cl.keil-assistant-1.6.2\dist\extension.js:1:4287)
	at b.load (c:\Users\28207\.vscode\extensions\cl.keil-assistant-1.6.2\dist\extension.js:1:10382)
	at x.<anonymous> (c:\Users\28207\.vscode\extensions\cl.keil-assistant-1.6.2\dist\extension.js:1:8182)
	at Generator.next (<anonymous>)
	at a (c:\Users\28207\.vscode\extensions\cl.keil-assistant-1.6.2\dist\extension.js:1:4344)
	at process.processTicksAndRejections (node:internal/process/task_queues:95:5)] {
  errno: -4048,
  syscall: 'open',
  code: 'EPERM',
  path: 'c:\\Users\\28207\\Documents\\51\\STC89C52RC\\.vscode\\c_cpp_properties.json'
}
[Error: EPERM: operation not permitted, open 'c:\Users\28207\Documents\51\STC89C52RC\.vscode\c_cpp_properties.json'
	at Object.openSync (node:fs:605:3)
	at Object.func [as openSync] (node:electron/js2c/node_init:2:2214)
	at Object.writeFileSync (node:fs:2345:35)
	at a.Write (c:\Users\28207\.vscode\extensions\cl.keil-assistant-1.6.2\dist\extension.js:1:3479)
	at b.updateCppProperties (c:\Users\28207\.vscode\extensions\cl.keil-assistant-1.6.2\dist\extension.js:1:10334)
	at b.<anonymous> (c:\Users\28207\.vscode\extensions\cl.keil-assistant-1.6.2\dist\extension.js:1:11492)
	at Generator.next (<anonymous>)
	at c:\Users\28207\.vscode\extensions\cl.keil-assistant-1.6.2\dist\extension.js:1:4542
	at new Promise (<anonymous>)
	at r (c:\Users\28207\.vscode\extensions\cl.keil-assistant-1.6.2\dist\extension.js:1:4287)
	at b.load (c:\Users\28207\.vscode\extensions\cl.keil-assistant-1.6.2\dist\extension.js:1:10382)
	at x.<anonymous> (c:\Users\28207\.vscode\extensions\cl.keil-assistant-1.6.2\dist\extension.js:1:8182)
	at Generator.next (<anonymous>)
	at a (c:\Users\28207\.vscode\extensions\cl.keil-assistant-1.6.2\dist\extension.js:1:4344)
	at process.processTicksAndRejections (node:internal/process/task_queues:95:5)] {
  errno: -4048,
  syscall: 'open',
  code: 'EPERM',
  path: 'c:\\Users\\28207\\Documents\\51\\STC89C52RC\\.vscode\\c_cpp_properties.json'
}
[Error: EPERM: operation not permitted, open 'c:\Users\28207\Documents\51\STC89C52RC\.vscode\c_cpp_properties.json'
	at Object.openSync (node:fs:605:3)
	at Object.func [as openSync] (node:electron/js2c/node_init:2:2214)
	at Object.writeFileSync (node:fs:2345:35)
	at a.Write (c:\Users\28207\.vscode\extensions\cl.keil-assistant-1.6.2\dist\extension.js:1:3479)
	at b.updateCppProperties (c:\Users\28207\.vscode\extensions\cl.keil-assistant-1.6.2\dist\extension.js:1:10334)
	at b.<anonymous> (c:\Users\28207\.vscode\extensions\cl.keil-assistant-1.6.2\dist\extension.js:1:11492)
	at Generator.next (<anonymous>)
	at c:\Users\28207\.vscode\extensions\cl.keil-assistant-1.6.2\dist\extension.js:1:4542
	at new Promise (<anonymous>)
	at r (c:\Users\28207\.vscode\extensions\cl.keil-assistant-1.6.2\dist\extension.js:1:4287)
	at b.load (c:\Users\28207\.vscode\extensions\cl.keil-assistant-1.6.2\dist\extension.js:1:10382)
	at x.<anonymous> (c:\Users\28207\.vscode\extensions\cl.keil-assistant-1.6.2\dist\extension.js:1:8182)
	at Generator.next (<anonymous>)
	at a (c:\Users\28207\.vscode\extensions\cl.keil-assistant-1.6.2\dist\extension.js:1:4344)
	at process.processTicksAndRejections (node:internal/process/task_queues:95:5)] {
  errno: -4048,
  syscall: 'open',
  code: 'EPERM',
  path: 'c:\\Users\\28207\\Documents\\51\\STC89C52RC\\.vscode\\c_cpp_properties.json'
}
[Error: EPERM: operation not permitted, open 'c:\Users\28207\Documents\51\STC89C52RC\.vscode\c_cpp_properties.json'
	at Object.openSync (node:fs:605:3)
	at Object.func [as openSync] (node:electron/js2c/node_init:2:2214)
	at Object.writeFileSync (node:fs:2345:35)
	at a.Write (c:\Users\28207\.vscode\extensions\cl.keil-assistant-1.6.2\dist\extension.js:1:3479)
	at b.updateCppProperties (c:\Users\28207\.vscode\extensions\cl.keil-assistant-1.6.2\dist\extension.js:1:10334)
	at b.<anonymous> (c:\Users\28207\.vscode\extensions\cl.keil-assistant-1.6.2\dist\extension.js:1:11492)
	at Generator.next (<anonymous>)
	at c:\Users\28207\.vscode\extensions\cl.keil-assistant-1.6.2\dist\extension.js:1:4542
	at new Promise (<anonymous>)
	at r (c:\Users\28207\.vscode\extensions\cl.keil-assistant-1.6.2\dist\extension.js:1:4287)
	at b.load (c:\Users\28207\.vscode\extensions\cl.keil-assistant-1.6.2\dist\extension.js:1:10382)
	at x.<anonymous> (c:\Users\28207\.vscode\extensions\cl.keil-assistant-1.6.2\dist\extension.js:1:8182)
	at Generator.next (<anonymous>)
	at a (c:\Users\28207\.vscode\extensions\cl.keil-assistant-1.6.2\dist\extension.js:1:4344)
	at process.processTicksAndRejections (node:internal/process/task_queues:95:5)] {
  errno: -4048,
  syscall: 'open',
  code: 'EPERM',
  path: 'c:\\Users\\28207\\Documents\\51\\STC89C52RC\\.vscode\\c_cpp_properties.json'
}
[Error: EPERM: operation not permitted, open 'c:\Users\28207\Documents\51\STC89C52RC\.vscode\c_cpp_properties.json'
	at Object.openSync (node:fs:605:3)
	at Object.func [as openSync] (node:electron/js2c/node_init:2:2214)
	at Object.writeFileSync (node:fs:2345:35)
	at a.Write (c:\Users\28207\.vscode\extensions\cl.keil-assistant-1.6.2\dist\extension.js:1:3479)
	at b.updateCppProperties (c:\Users\28207\.vscode\extensions\cl.keil-assistant-1.6.2\dist\extension.js:1:10334)
	at b.<anonymous> (c:\Users\28207\.vscode\extensions\cl.keil-assistant-1.6.2\dist\extension.js:1:11492)
	at Generator.next (<anonymous>)
	at c:\Users\28207\.vscode\extensions\cl.keil-assistant-1.6.2\dist\extension.js:1:4542
	at new Promise (<anonymous>)
	at r (c:\Users\28207\.vscode\extensions\cl.keil-assistant-1.6.2\dist\extension.js:1:4287)
	at b.load (c:\Users\28207\.vscode\extensions\cl.keil-assistant-1.6.2\dist\extension.js:1:10382)
	at x.<anonymous> (c:\Users\28207\.vscode\extensions\cl.keil-assistant-1.6.2\dist\extension.js:1:8182)
	at Generator.next (<anonymous>)
	at a (c:\Users\28207\.vscode\extensions\cl.keil-assistant-1.6.2\dist\extension.js:1:4344)] {
  errno: -4048,
  syscall: 'open',
  code: 'EPERM',
  path: 'c:\\Users\\28207\\Documents\\51\\STC89C52RC\\.vscode\\c_cpp_properties.json'
}
[Error: EPERM: operation not permitted, open 'c:\Users\28207\Documents\51\STC89C52RC\.vscode\c_cpp_properties.json'
	at Object.openSync (node:fs:605:3)
	at Object.func [as openSync] (node:electron/js2c/node_init:2:2214)
	at Object.writeFileSync (node:fs:2345:35)
	at a.Write (c:\Users\28207\.vscode\extensions\cl.keil-assistant-1.6.2\dist\extension.js:1:3479)
	at b.updateCppProperties (c:\Users\28207\.vscode\extensions\cl.keil-assistant-1.6.2\dist\extension.js:1:10334)
	at b.<anonymous> (c:\Users\28207\.vscode\extensions\cl.keil-assistant-1.6.2\dist\extension.js:1:11492)
	at Generator.next (<anonymous>)
	at c:\Users\28207\.vscode\extensions\cl.keil-assistant-1.6.2\dist\extension.js:1:4542
	at new Promise (<anonymous>)
	at r (c:\Users\28207\.vscode\extensions\cl.keil-assistant-1.6.2\dist\extension.js:1:4287)
	at b.load (c:\Users\28207\.vscode\extensions\cl.keil-assistant-1.6.2\dist\extension.js:1:10382)
	at x.<anonymous> (c:\Users\28207\.vscode\extensions\cl.keil-assistant-1.6.2\dist\extension.js:1:8182)
	at Generator.next (<anonymous>)
	at a (c:\Users\28207\.vscode\extensions\cl.keil-assistant-1.6.2\dist\extension.js:1:4344)
	at process.processTicksAndRejections (node:internal/process/task_queues:95:5)] {
  errno: -4048,
  syscall: 'open',
  code: 'EPERM',
  path: 'c:\\Users\\28207\\Documents\\51\\STC89C52RC\\.vscode\\c_cpp_properties.json'
}
[Error: EPERM: operation not permitted, open 'c:\Users\28207\Documents\51\STC89C52RC\.vscode\c_cpp_properties.json'
	at Object.openSync (node:fs:605:3)
	at Object.func [as openSync] (node:electron/js2c/node_init:2:2214)
	at Object.writeFileSync (node:fs:2345:35)
	at a.Write (c:\Users\28207\.vscode\extensions\cl.keil-assistant-1.6.2\dist\extension.js:1:3479)
	at b.updateCppProperties (c:\Users\28207\.vscode\extensions\cl.keil-assistant-1.6.2\dist\extension.js:1:10334)
	at b.<anonymous> (c:\Users\28207\.vscode\extensions\cl.keil-assistant-1.6.2\dist\extension.js:1:11492)
	at Generator.next (<anonymous>)
	at c:\Users\28207\.vscode\extensions\cl.keil-assistant-1.6.2\dist\extension.js:1:4542
	at new Promise (<anonymous>)
	at r (c:\Users\28207\.vscode\extensions\cl.keil-assistant-1.6.2\dist\extension.js:1:4287)
	at b.load (c:\Users\28207\.vscode\extensions\cl.keil-assistant-1.6.2\dist\extension.js:1:10382)
	at x.<anonymous> (c:\Users\28207\.vscode\extensions\cl.keil-assistant-1.6.2\dist\extension.js:1:8182)
	at Generator.next (<anonymous>)
	at a (c:\Users\28207\.vscode\extensions\cl.keil-assistant-1.6.2\dist\extension.js:1:4344)
	at process.processTicksAndRejections (node:internal/process/task_queues:95:5)] {
  errno: -4048,
  syscall: 'open',
  code: 'EPERM',
  path: 'c:\\Users\\28207\\Documents\\51\\STC89C52RC\\.vscode\\c_cpp_properties.json'
}
[Error: EPERM: operation not permitted, open 'c:\Users\28207\Documents\51\STC89C52RC\.vscode\c_cpp_properties.json'
	at Object.openSync (node:fs:605:3)
	at Object.func [as openSync] (node:electron/js2c/node_init:2:2214)
	at Object.writeFileSync (node:fs:2345:35)
	at a.Write (c:\Users\28207\.vscode\extensions\cl.keil-assistant-1.6.2\dist\extension.js:1:3479)
	at b.updateCppProperties (c:\Users\28207\.vscode\extensions\cl.keil-assistant-1.6.2\dist\extension.js:1:10334)
	at b.<anonymous> (c:\Users\28207\.vscode\extensions\cl.keil-assistant-1.6.2\dist\extension.js:1:11492)
	at Generator.next (<anonymous>)
	at c:\Users\28207\.vscode\extensions\cl.keil-assistant-1.6.2\dist\extension.js:1:4542
	at new Promise (<anonymous>)
	at r (c:\Users\28207\.vscode\extensions\cl.keil-assistant-1.6.2\dist\extension.js:1:4287)
	at b.load (c:\Users\28207\.vscode\extensions\cl.keil-assistant-1.6.2\dist\extension.js:1:10382)
	at x.<anonymous> (c:\Users\28207\.vscode\extensions\cl.keil-assistant-1.6.2\dist\extension.js:1:8182)
	at Generator.next (<anonymous>)
	at a (c:\Users\28207\.vscode\extensions\cl.keil-assistant-1.6.2\dist\extension.js:1:4344)
	at process.processTicksAndRejections (node:internal/process/task_queues:95:5)] {
  errno: -4048,
  syscall: 'open',
  code: 'EPERM',
  path: 'c:\\Users\\28207\\Documents\\51\\STC89C52RC\\.vscode\\c_cpp_properties.json'
}
[Error: EPERM: operation not permitted, open 'c:\Users\28207\Documents\51\STC89C52RC\.vscode\c_cpp_properties.json'
	at Object.openSync (node:fs:605:3)
	at Object.func [as openSync] (node:electron/js2c/node_init:2:2214)
	at Object.writeFileSync (node:fs:2345:35)
	at a.Write (c:\Users\28207\.vscode\extensions\cl.keil-assistant-1.6.2\dist\extension.js:1:3479)
	at b.updateCppProperties (c:\Users\28207\.vscode\extensions\cl.keil-assistant-1.6.2\dist\extension.js:1:10334)
	at b.<anonymous> (c:\Users\28207\.vscode\extensions\cl.keil-assistant-1.6.2\dist\extension.js:1:11492)
	at Generator.next (<anonymous>)
	at c:\Users\28207\.vscode\extensions\cl.keil-assistant-1.6.2\dist\extension.js:1:4542
	at new Promise (<anonymous>)
	at r (c:\Users\28207\.vscode\extensions\cl.keil-assistant-1.6.2\dist\extension.js:1:4287)
	at b.load (c:\Users\28207\.vscode\extensions\cl.keil-assistant-1.6.2\dist\extension.js:1:10382)
	at x.<anonymous> (c:\Users\28207\.vscode\extensions\cl.keil-assistant-1.6.2\dist\extension.js:1:8182)
	at Generator.next (<anonymous>)
	at a (c:\Users\28207\.vscode\extensions\cl.keil-assistant-1.6.2\dist\extension.js:1:4344)] {
  errno: -4048,
  syscall: 'open',
  code: 'EPERM',
  path: 'c:\\Users\\28207\\Documents\\51\\STC89C52RC\\.vscode\\c_cpp_properties.json'
}
[Error: EPERM: operation not permitted, open 'c:\Users\28207\Documents\51\STC89C52RC\.vscode\c_cpp_properties.json'
	at Object.openSync (node:fs:605:3)
	at Object.func [as openSync] (node:electron/js2c/node_init:2:2214)
	at Object.writeFileSync (node:fs:2345:35)
	at a.Write (c:\Users\28207\.vscode\extensions\cl.keil-assistant-1.6.2\dist\extension.js:1:3479)
	at b.updateCppProperties (c:\Users\28207\.vscode\extensions\cl.keil-assistant-1.6.2\dist\extension.js:1:10334)
	at b.<anonymous> (c:\Users\28207\.vscode\extensions\cl.keil-assistant-1.6.2\dist\extension.js:1:11492)
	at Generator.next (<anonymous>)
	at c:\Users\28207\.vscode\extensions\cl.keil-assistant-1.6.2\dist\extension.js:1:4542
	at new Promise (<anonymous>)
	at r (c:\Users\28207\.vscode\extensions\cl.keil-assistant-1.6.2\dist\extension.js:1:4287)
	at b.load (c:\Users\28207\.vscode\extensions\cl.keil-assistant-1.6.2\dist\extension.js:1:10382)
	at x.<anonymous> (c:\Users\28207\.vscode\extensions\cl.keil-assistant-1.6.2\dist\extension.js:1:8182)
	at Generator.next (<anonymous>)
	at a (c:\Users\28207\.vscode\extensions\cl.keil-assistant-1.6.2\dist\extension.js:1:4344)
	at process.processTicksAndRejections (node:internal/process/task_queues:95:5)] {
  errno: -4048,
  syscall: 'open',
  code: 'EPERM',
  path: 'c:\\Users\\28207\\Documents\\51\\STC89C52RC\\.vscode\\c_cpp_properties.json'
}
[Error: EPERM: operation not permitted, open 'c:\Users\28207\Documents\51\STC89C52RC\.vscode\c_cpp_properties.json'
	at Object.openSync (node:fs:605:3)
	at Object.func [as openSync] (node:electron/js2c/node_init:2:2214)
	at Object.writeFileSync (node:fs:2345:35)
	at a.Write (c:\Users\28207\.vscode\extensions\cl.keil-assistant-1.6.2\dist\extension.js:1:3479)
	at b.updateCppProperties (c:\Users\28207\.vscode\extensions\cl.keil-assistant-1.6.2\dist\extension.js:1:10334)
	at b.<anonymous> (c:\Users\28207\.vscode\extensions\cl.keil-assistant-1.6.2\dist\extension.js:1:11492)
	at Generator.next (<anonymous>)
	at c:\Users\28207\.vscode\extensions\cl.keil-assistant-1.6.2\dist\extension.js:1:4542
	at new Promise (<anonymous>)
	at r (c:\Users\28207\.vscode\extensions\cl.keil-assistant-1.6.2\dist\extension.js:1:4287)
	at b.load (c:\Users\28207\.vscode\extensions\cl.keil-assistant-1.6.2\dist\extension.js:1:10382)
	at x.<anonymous> (c:\Users\28207\.vscode\extensions\cl.keil-assistant-1.6.2\dist\extension.js:1:8182)
	at Generator.next (<anonymous>)
	at a (c:\Users\28207\.vscode\extensions\cl.keil-assistant-1.6.2\dist\extension.js:1:4344)
	at process.processTicksAndRejections (node:internal/process/task_queues:95:5)] {
  errno: -4048,
  syscall: 'open',
  code: 'EPERM',
  path: 'c:\\Users\\28207\\Documents\\51\\STC89C52RC\\.vscode\\c_cpp_properties.json'
}
Log at : 2024/5/6|15:18:18|GMT+0800

[Error: EPERM: operation not permitted, open 'c:\Users\28207\Documents\51\STC89C52RC\.vscode\c_cpp_properties.json'
	at Object.openSync (node:fs:605:3)
	at Object.func [as openSync] (node:electron/js2c/node_init:2:2214)
	at Object.writeFileSync (node:fs:2345:35)
	at a.Write (c:\Users\28207\.vscode\extensions\cl.keil-assistant-1.6.2\dist\extension.js:1:3479)
	at b.updateCppProperties (c:\Users\28207\.vscode\extensions\cl.keil-assistant-1.6.2\dist\extension.js:1:10334)
	at b.<anonymous> (c:\Users\28207\.vscode\extensions\cl.keil-assistant-1.6.2\dist\extension.js:1:11492)
	at Generator.next (<anonymous>)
	at c:\Users\28207\.vscode\extensions\cl.keil-assistant-1.6.2\dist\extension.js:1:4542
	at new Promise (<anonymous>)
	at r (c:\Users\28207\.vscode\extensions\cl.keil-assistant-1.6.2\dist\extension.js:1:4287)
	at b.load (c:\Users\28207\.vscode\extensions\cl.keil-assistant-1.6.2\dist\extension.js:1:10382)
	at x.<anonymous> (c:\Users\28207\.vscode\extensions\cl.keil-assistant-1.6.2\dist\extension.js:1:8182)
	at Generator.next (<anonymous>)
	at a (c:\Users\28207\.vscode\extensions\cl.keil-assistant-1.6.2\dist\extension.js:1:4344)] {
  errno: -4048,
  syscall: 'open',
  code: 'EPERM',
  path: 'c:\\Users\\28207\\Documents\\51\\STC89C52RC\\.vscode\\c_cpp_properties.json'
}
[Error: EPERM: operation not permitted, open 'c:\Users\28207\Documents\51\STC89C52RC\.vscode\c_cpp_properties.json'
	at Object.openSync (node:fs:605:3)
	at Object.func [as openSync] (node:electron/js2c/node_init:2:2214)
	at Object.writeFileSync (node:fs:2345:35)
	at a.Write (c:\Users\28207\.vscode\extensions\cl.keil-assistant-1.6.2\dist\extension.js:1:3479)
	at b.updateCppProperties (c:\Users\28207\.vscode\extensions\cl.keil-assistant-1.6.2\dist\extension.js:1:10334)
	at b.<anonymous> (c:\Users\28207\.vscode\extensions\cl.keil-assistant-1.6.2\dist\extension.js:1:11492)
	at Generator.next (<anonymous>)
	at c:\Users\28207\.vscode\extensions\cl.keil-assistant-1.6.2\dist\extension.js:1:4542
	at new Promise (<anonymous>)
	at r (c:\Users\28207\.vscode\extensions\cl.keil-assistant-1.6.2\dist\extension.js:1:4287)
	at b.load (c:\Users\28207\.vscode\extensions\cl.keil-assistant-1.6.2\dist\extension.js:1:10382)
	at x.<anonymous> (c:\Users\28207\.vscode\extensions\cl.keil-assistant-1.6.2\dist\extension.js:1:8182)
	at Generator.next (<anonymous>)
	at a (c:\Users\28207\.vscode\extensions\cl.keil-assistant-1.6.2\dist\extension.js:1:4344)
	at process.processTicksAndRejections (node:internal/process/task_queues:95:5)] {
  errno: -4048,
  syscall: 'open',
  code: 'EPERM',
  path: 'c:\\Users\\28207\\Documents\\51\\STC89C52RC\\.vscode\\c_cpp_properties.json'
}
[Error: EPERM: operation not permitted, open 'c:\Users\28207\Documents\51\STC89C52RC\.vscode\c_cpp_properties.json'
	at Object.openSync (node:fs:605:3)
	at Object.func [as openSync] (node:electron/js2c/node_init:2:2214)
	at Object.writeFileSync (node:fs:2345:35)
	at a.Write (c:\Users\28207\.vscode\extensions\cl.keil-assistant-1.6.2\dist\extension.js:1:3479)
	at b.updateCppProperties (c:\Users\28207\.vscode\extensions\cl.keil-assistant-1.6.2\dist\extension.js:1:10334)
	at b.<anonymous> (c:\Users\28207\.vscode\extensions\cl.keil-assistant-1.6.2\dist\extension.js:1:11492)
	at Generator.next (<anonymous>)
	at c:\Users\28207\.vscode\extensions\cl.keil-assistant-1.6.2\dist\extension.js:1:4542
	at new Promise (<anonymous>)
	at r (c:\Users\28207\.vscode\extensions\cl.keil-assistant-1.6.2\dist\extension.js:1:4287)
	at b.load (c:\Users\28207\.vscode\extensions\cl.keil-assistant-1.6.2\dist\extension.js:1:10382)
	at x.<anonymous> (c:\Users\28207\.vscode\extensions\cl.keil-assistant-1.6.2\dist\extension.js:1:8182)
	at Generator.next (<anonymous>)
	at a (c:\Users\28207\.vscode\extensions\cl.keil-assistant-1.6.2\dist\extension.js:1:4344)
	at process.processTicksAndRejections (node:internal/process/task_queues:95:5)] {
  errno: -4048,
  syscall: 'open',
  code: 'EPERM',
  path: 'c:\\Users\\28207\\Documents\\51\\STC89C52RC\\.vscode\\c_cpp_properties.json'
}
[Error: EPERM: operation not permitted, open 'c:\Users\28207\Documents\51\STC89C52RC\.vscode\c_cpp_properties.json'
	at Object.openSync (node:fs:605:3)
	at Object.func [as openSync] (node:electron/js2c/node_init:2:2214)
	at Object.writeFileSync (node:fs:2345:35)
	at a.Write (c:\Users\28207\.vscode\extensions\cl.keil-assistant-1.6.2\dist\extension.js:1:3479)
	at b.updateCppProperties (c:\Users\28207\.vscode\extensions\cl.keil-assistant-1.6.2\dist\extension.js:1:10334)
	at b.<anonymous> (c:\Users\28207\.vscode\extensions\cl.keil-assistant-1.6.2\dist\extension.js:1:11492)
	at Generator.next (<anonymous>)
	at c:\Users\28207\.vscode\extensions\cl.keil-assistant-1.6.2\dist\extension.js:1:4542
	at new Promise (<anonymous>)
	at r (c:\Users\28207\.vscode\extensions\cl.keil-assistant-1.6.2\dist\extension.js:1:4287)
	at b.load (c:\Users\28207\.vscode\extensions\cl.keil-assistant-1.6.2\dist\extension.js:1:10382)
	at x.<anonymous> (c:\Users\28207\.vscode\extensions\cl.keil-assistant-1.6.2\dist\extension.js:1:8182)
	at Generator.next (<anonymous>)
	at a (c:\Users\28207\.vscode\extensions\cl.keil-assistant-1.6.2\dist\extension.js:1:4344)
	at process.processTicksAndRejections (node:internal/process/task_queues:95:5)] {
  errno: -4048,
  syscall: 'open',
  code: 'EPERM',
  path: 'c:\\Users\\28207\\Documents\\51\\STC89C52RC\\.vscode\\c_cpp_properties.json'
}
[Error: EPERM: operation not permitted, open 'c:\Users\28207\Documents\51\STC89C52RC\.vscode\c_cpp_properties.json'
	at Object.openSync (node:fs:605:3)
	at Object.func [as openSync] (node:electron/js2c/node_init:2:2214)
	at Object.writeFileSync (node:fs:2345:35)
	at a.Write (c:\Users\28207\.vscode\extensions\cl.keil-assistant-1.6.2\dist\extension.js:1:3479)
	at b.updateCppProperties (c:\Users\28207\.vscode\extensions\cl.keil-assistant-1.6.2\dist\extension.js:1:10334)
	at b.<anonymous> (c:\Users\28207\.vscode\extensions\cl.keil-assistant-1.6.2\dist\extension.js:1:11492)
	at Generator.next (<anonymous>)
	at c:\Users\28207\.vscode\extensions\cl.keil-assistant-1.6.2\dist\extension.js:1:4542
	at new Promise (<anonymous>)
	at r (c:\Users\28207\.vscode\extensions\cl.keil-assistant-1.6.2\dist\extension.js:1:4287)
	at b.load (c:\Users\28207\.vscode\extensions\cl.keil-assistant-1.6.2\dist\extension.js:1:10382)
	at x.<anonymous> (c:\Users\28207\.vscode\extensions\cl.keil-assistant-1.6.2\dist\extension.js:1:8182)
	at Generator.next (<anonymous>)
	at a (c:\Users\28207\.vscode\extensions\cl.keil-assistant-1.6.2\dist\extension.js:1:4344)
	at process.processTicksAndRejections (node:internal/process/task_queues:95:5)] {
  errno: -4048,
  syscall: 'open',
  code: 'EPERM',
  path: 'c:\\Users\\28207\\Documents\\51\\STC89C52RC\\.vscode\\c_cpp_properties.json'
}
[Error: EPERM: operation not permitted, open 'c:\Users\28207\Documents\51\STC89C52RC\.vscode\c_cpp_properties.json'
	at Object.openSync (node:fs:605:3)
	at Object.func [as openSync] (node:electron/js2c/node_init:2:2214)
	at Object.writeFileSync (node:fs:2345:35)
	at a.Write (c:\Users\28207\.vscode\extensions\cl.keil-assistant-1.6.2\dist\extension.js:1:3479)
	at b.updateCppProperties (c:\Users\28207\.vscode\extensions\cl.keil-assistant-1.6.2\dist\extension.js:1:10334)
	at b.<anonymous> (c:\Users\28207\.vscode\extensions\cl.keil-assistant-1.6.2\dist\extension.js:1:11492)
	at Generator.next (<anonymous>)
	at c:\Users\28207\.vscode\extensions\cl.keil-assistant-1.6.2\dist\extension.js:1:4542
	at new Promise (<anonymous>)
	at r (c:\Users\28207\.vscode\extensions\cl.keil-assistant-1.6.2\dist\extension.js:1:4287)
	at b.load (c:\Users\28207\.vscode\extensions\cl.keil-assistant-1.6.2\dist\extension.js:1:10382)
	at x.<anonymous> (c:\Users\28207\.vscode\extensions\cl.keil-assistant-1.6.2\dist\extension.js:1:8182)
	at Generator.next (<anonymous>)
	at a (c:\Users\28207\.vscode\extensions\cl.keil-assistant-1.6.2\dist\extension.js:1:4344)
	at process.processTicksAndRejections (node:internal/process/task_queues:95:5)] {
  errno: -4048,
  syscall: 'open',
  code: 'EPERM',
  path: 'c:\\Users\\28207\\Documents\\51\\STC89C52RC\\.vscode\\c_cpp_properties.json'
}
[Error: EPERM: operation not permitted, open 'c:\Users\28207\Documents\51\STC89C52RC\.vscode\c_cpp_properties.json'
	at Object.openSync (node:fs:605:3)
	at Object.func [as openSync] (node:electron/js2c/node_init:2:2214)
	at Object.writeFileSync (node:fs:2345:35)
	at a.Write (c:\Users\28207\.vscode\extensions\cl.keil-assistant-1.6.2\dist\extension.js:1:3479)
	at b.updateCppProperties (c:\Users\28207\.vscode\extensions\cl.keil-assistant-1.6.2\dist\extension.js:1:10334)
	at b.<anonymous> (c:\Users\28207\.vscode\extensions\cl.keil-assistant-1.6.2\dist\extension.js:1:11492)
	at Generator.next (<anonymous>)
	at c:\Users\28207\.vscode\extensions\cl.keil-assistant-1.6.2\dist\extension.js:1:4542
	at new Promise (<anonymous>)
	at r (c:\Users\28207\.vscode\extensions\cl.keil-assistant-1.6.2\dist\extension.js:1:4287)
	at b.load (c:\Users\28207\.vscode\extensions\cl.keil-assistant-1.6.2\dist\extension.js:1:10382)
	at x.<anonymous> (c:\Users\28207\.vscode\extensions\cl.keil-assistant-1.6.2\dist\extension.js:1:8182)
	at Generator.next (<anonymous>)
	at a (c:\Users\28207\.vscode\extensions\cl.keil-assistant-1.6.2\dist\extension.js:1:4344)] {
  errno: -4048,
  syscall: 'open',
  code: 'EPERM',
  path: 'c:\\Users\\28207\\Documents\\51\\STC89C52RC\\.vscode\\c_cpp_properties.json'
}
[Error: EPERM: operation not permitted, open 'c:\Users\28207\Documents\51\STC89C52RC\.vscode\c_cpp_properties.json'
	at Object.openSync (node:fs:605:3)
	at Object.func [as openSync] (node:electron/js2c/node_init:2:2214)
	at Object.writeFileSync (node:fs:2345:35)
	at a.Write (c:\Users\28207\.vscode\extensions\cl.keil-assistant-1.6.2\dist\extension.js:1:3479)
	at b.updateCppProperties (c:\Users\28207\.vscode\extensions\cl.keil-assistant-1.6.2\dist\extension.js:1:10334)
	at b.<anonymous> (c:\Users\28207\.vscode\extensions\cl.keil-assistant-1.6.2\dist\extension.js:1:11492)
	at Generator.next (<anonymous>)
	at c:\Users\28207\.vscode\extensions\cl.keil-assistant-1.6.2\dist\extension.js:1:4542
	at new Promise (<anonymous>)
	at r (c:\Users\28207\.vscode\extensions\cl.keil-assistant-1.6.2\dist\extension.js:1:4287)
	at b.load (c:\Users\28207\.vscode\extensions\cl.keil-assistant-1.6.2\dist\extension.js:1:10382)
	at x.<anonymous> (c:\Users\28207\.vscode\extensions\cl.keil-assistant-1.6.2\dist\extension.js:1:8182)
	at Generator.next (<anonymous>)
	at a (c:\Users\28207\.vscode\extensions\cl.keil-assistant-1.6.2\dist\extension.js:1:4344)
	at process.processTicksAndRejections (node:internal/process/task_queues:95:5)] {
  errno: -4048,
  syscall: 'open',
  code: 'EPERM',
  path: 'c:\\Users\\28207\\Documents\\51\\STC89C52RC\\.vscode\\c_cpp_properties.json'
}
[Error: EPERM: operation not permitted, open 'c:\Users\28207\Documents\51\STC89C52RC\.vscode\c_cpp_properties.json'
	at Object.openSync (node:fs:605:3)
	at Object.func [as openSync] (node:electron/js2c/node_init:2:2214)
	at Object.writeFileSync (node:fs:2345:35)
	at a.Write (c:\Users\28207\.vscode\extensions\cl.keil-assistant-1.6.2\dist\extension.js:1:3479)
	at b.updateCppProperties (c:\Users\28207\.vscode\extensions\cl.keil-assistant-1.6.2\dist\extension.js:1:10334)
	at b.<anonymous> (c:\Users\28207\.vscode\extensions\cl.keil-assistant-1.6.2\dist\extension.js:1:11492)
	at Generator.next (<anonymous>)
	at c:\Users\28207\.vscode\extensions\cl.keil-assistant-1.6.2\dist\extension.js:1:4542
	at new Promise (<anonymous>)
	at r (c:\Users\28207\.vscode\extensions\cl.keil-assistant-1.6.2\dist\extension.js:1:4287)
	at b.load (c:\Users\28207\.vscode\extensions\cl.keil-assistant-1.6.2\dist\extension.js:1:10382)
	at x.<anonymous> (c:\Users\28207\.vscode\extensions\cl.keil-assistant-1.6.2\dist\extension.js:1:8182)
	at Generator.next (<anonymous>)
	at a (c:\Users\28207\.vscode\extensions\cl.keil-assistant-1.6.2\dist\extension.js:1:4344)
	at process.processTicksAndRejections (node:internal/process/task_queues:95:5)] {
  errno: -4048,
  syscall: 'open',
  code: 'EPERM',
  path: 'c:\\Users\\28207\\Documents\\51\\STC89C52RC\\.vscode\\c_cpp_properties.json'
}
[Error: EPERM: operation not permitted, open 'c:\Users\28207\Documents\51\STC89C52RC\.vscode\c_cpp_properties.json'
	at Object.openSync (node:fs:605:3)
	at Object.func [as openSync] (node:electron/js2c/node_init:2:2214)
	at Object.writeFileSync (node:fs:2345:35)
	at a.Write (c:\Users\28207\.vscode\extensions\cl.keil-assistant-1.6.2\dist\extension.js:1:3479)
	at b.updateCppProperties (c:\Users\28207\.vscode\extensions\cl.keil-assistant-1.6.2\dist\extension.js:1:10334)
	at b.<anonymous> (c:\Users\28207\.vscode\extensions\cl.keil-assistant-1.6.2\dist\extension.js:1:11492)
	at Generator.next (<anonymous>)
	at c:\Users\28207\.vscode\extensions\cl.keil-assistant-1.6.2\dist\extension.js:1:4542
	at new Promise (<anonymous>)
	at r (c:\Users\28207\.vscode\extensions\cl.keil-assistant-1.6.2\dist\extension.js:1:4287)
	at b.load (c:\Users\28207\.vscode\extensions\cl.keil-assistant-1.6.2\dist\extension.js:1:10382)
	at x.<anonymous> (c:\Users\28207\.vscode\extensions\cl.keil-assistant-1.6.2\dist\extension.js:1:8182)
	at Generator.next (<anonymous>)
	at a (c:\Users\28207\.vscode\extensions\cl.keil-assistant-1.6.2\dist\extension.js:1:4344)] {
  errno: -4048,
  syscall: 'open',
  code: 'EPERM',
  path: 'c:\\Users\\28207\\Documents\\51\\STC89C52RC\\.vscode\\c_cpp_properties.json'
}
[Error: EPERM: operation not permitted, open 'c:\Users\28207\Documents\51\STC89C52RC\.vscode\c_cpp_properties.json'
	at Object.openSync (node:fs:605:3)
	at Object.func [as openSync] (node:electron/js2c/node_init:2:2214)
	at Object.writeFileSync (node:fs:2345:35)
	at a.Write (c:\Users\28207\.vscode\extensions\cl.keil-assistant-1.6.2\dist\extension.js:1:3479)
	at b.updateCppProperties (c:\Users\28207\.vscode\extensions\cl.keil-assistant-1.6.2\dist\extension.js:1:10334)
	at b.<anonymous> (c:\Users\28207\.vscode\extensions\cl.keil-assistant-1.6.2\dist\extension.js:1:11492)
	at Generator.next (<anonymous>)
	at c:\Users\28207\.vscode\extensions\cl.keil-assistant-1.6.2\dist\extension.js:1:4542
	at new Promise (<anonymous>)
	at r (c:\Users\28207\.vscode\extensions\cl.keil-assistant-1.6.2\dist\extension.js:1:4287)
	at b.load (c:\Users\28207\.vscode\extensions\cl.keil-assistant-1.6.2\dist\extension.js:1:10382)
	at x.<anonymous> (c:\Users\28207\.vscode\extensions\cl.keil-assistant-1.6.2\dist\extension.js:1:8182)
	at Generator.next (<anonymous>)
	at a (c:\Users\28207\.vscode\extensions\cl.keil-assistant-1.6.2\dist\extension.js:1:4344)
	at process.processTicksAndRejections (node:internal/process/task_queues:95:5)] {
  errno: -4048,
  syscall: 'open',
  code: 'EPERM',
  path: 'c:\\Users\\28207\\Documents\\51\\STC89C52RC\\.vscode\\c_cpp_properties.json'
}
[Error: EPERM: operation not permitted, open 'c:\Users\28207\Documents\51\STC89C52RC\.vscode\c_cpp_properties.json'
	at Object.openSync (node:fs:605:3)
	at Object.func [as openSync] (node:electron/js2c/node_init:2:2214)
	at Object.writeFileSync (node:fs:2345:35)
	at a.Write (c:\Users\28207\.vscode\extensions\cl.keil-assistant-1.6.2\dist\extension.js:1:3479)
	at b.updateCppProperties (c:\Users\28207\.vscode\extensions\cl.keil-assistant-1.6.2\dist\extension.js:1:10334)
	at b.<anonymous> (c:\Users\28207\.vscode\extensions\cl.keil-assistant-1.6.2\dist\extension.js:1:11492)
	at Generator.next (<anonymous>)
	at c:\Users\28207\.vscode\extensions\cl.keil-assistant-1.6.2\dist\extension.js:1:4542
	at new Promise (<anonymous>)
	at r (c:\Users\28207\.vscode\extensions\cl.keil-assistant-1.6.2\dist\extension.js:1:4287)
	at b.load (c:\Users\28207\.vscode\extensions\cl.keil-assistant-1.6.2\dist\extension.js:1:10382)
	at x.<anonymous> (c:\Users\28207\.vscode\extensions\cl.keil-assistant-1.6.2\dist\extension.js:1:8182)
	at Generator.next (<anonymous>)
	at a (c:\Users\28207\.vscode\extensions\cl.keil-assistant-1.6.2\dist\extension.js:1:4344)
	at process.processTicksAndRejections (node:internal/process/task_queues:95:5)] {
  errno: -4048,
  syscall: 'open',
  code: 'EPERM',
  path: 'c:\\Users\\28207\\Documents\\51\\STC89C52RC\\.vscode\\c_cpp_properties.json'
}
Log at : 2024/5/6|16:50:27|GMT+0800

[Error: EPERM: operation not permitted, open 'c:\Users\28207\Documents\51\STC89C52RC\.vscode\c_cpp_properties.json'
	at Object.openSync (node:fs:605:3)
	at Object.func [as openSync] (node:electron/js2c/node_init:2:2214)
	at Object.writeFileSync (node:fs:2345:35)
	at a.Write (c:\Users\28207\.vscode\extensions\cl.keil-assistant-1.6.2\dist\extension.js:1:3479)
	at b.updateCppProperties (c:\Users\28207\.vscode\extensions\cl.keil-assistant-1.6.2\dist\extension.js:1:10334)
	at b.<anonymous> (c:\Users\28207\.vscode\extensions\cl.keil-assistant-1.6.2\dist\extension.js:1:11492)
	at Generator.next (<anonymous>)
	at c:\Users\28207\.vscode\extensions\cl.keil-assistant-1.6.2\dist\extension.js:1:4542
	at new Promise (<anonymous>)
	at r (c:\Users\28207\.vscode\extensions\cl.keil-assistant-1.6.2\dist\extension.js:1:4287)
	at b.load (c:\Users\28207\.vscode\extensions\cl.keil-assistant-1.6.2\dist\extension.js:1:10382)
	at x.<anonymous> (c:\Users\28207\.vscode\extensions\cl.keil-assistant-1.6.2\dist\extension.js:1:8182)
	at Generator.next (<anonymous>)
	at a (c:\Users\28207\.vscode\extensions\cl.keil-assistant-1.6.2\dist\extension.js:1:4344)] {
  errno: -4048,
  syscall: 'open',
  code: 'EPERM',
  path: 'c:\\Users\\28207\\Documents\\51\\STC89C52RC\\.vscode\\c_cpp_properties.json'
}
[Error: EPERM: operation not permitted, open 'c:\Users\28207\Documents\51\STC89C52RC\.vscode\c_cpp_properties.json'
	at Object.openSync (node:fs:605:3)
	at Object.func [as openSync] (node:electron/js2c/node_init:2:2214)
	at Object.writeFileSync (node:fs:2345:35)
	at a.Write (c:\Users\28207\.vscode\extensions\cl.keil-assistant-1.6.2\dist\extension.js:1:3479)
	at b.updateCppProperties (c:\Users\28207\.vscode\extensions\cl.keil-assistant-1.6.2\dist\extension.js:1:10334)
	at b.<anonymous> (c:\Users\28207\.vscode\extensions\cl.keil-assistant-1.6.2\dist\extension.js:1:11492)
	at Generator.next (<anonymous>)
	at c:\Users\28207\.vscode\extensions\cl.keil-assistant-1.6.2\dist\extension.js:1:4542
	at new Promise (<anonymous>)
	at r (c:\Users\28207\.vscode\extensions\cl.keil-assistant-1.6.2\dist\extension.js:1:4287)
	at b.load (c:\Users\28207\.vscode\extensions\cl.keil-assistant-1.6.2\dist\extension.js:1:10382)
	at x.<anonymous> (c:\Users\28207\.vscode\extensions\cl.keil-assistant-1.6.2\dist\extension.js:1:8182)
	at Generator.next (<anonymous>)
	at a (c:\Users\28207\.vscode\extensions\cl.keil-assistant-1.6.2\dist\extension.js:1:4344)
	at process.processTicksAndRejections (node:internal/process/task_queues:95:5)] {
  errno: -4048,
  syscall: 'open',
  code: 'EPERM',
  path: 'c:\\Users\\28207\\Documents\\51\\STC89C52RC\\.vscode\\c_cpp_properties.json'
}
Log at : 2024/5/7|09:18:09|GMT+0800

[Error: EPERM: operation not permitted, open 'c:\Users\28207\Documents\51\STC89C52RC\.vscode\c_cpp_properties.json'
	at Object.openSync (node:fs:605:3)
	at Object.func [as openSync] (node:electron/js2c/node_init:2:2214)
	at Object.writeFileSync (node:fs:2345:35)
	at a.Write (c:\Users\28207\.vscode\extensions\cl.keil-assistant-1.6.2\dist\extension.js:1:3479)
	at b.updateCppProperties (c:\Users\28207\.vscode\extensions\cl.keil-assistant-1.6.2\dist\extension.js:1:10334)
	at b.<anonymous> (c:\Users\28207\.vscode\extensions\cl.keil-assistant-1.6.2\dist\extension.js:1:11492)
	at Generator.next (<anonymous>)
	at c:\Users\28207\.vscode\extensions\cl.keil-assistant-1.6.2\dist\extension.js:1:4542
	at new Promise (<anonymous>)
	at r (c:\Users\28207\.vscode\extensions\cl.keil-assistant-1.6.2\dist\extension.js:1:4287)
	at b.load (c:\Users\28207\.vscode\extensions\cl.keil-assistant-1.6.2\dist\extension.js:1:10382)
	at x.<anonymous> (c:\Users\28207\.vscode\extensions\cl.keil-assistant-1.6.2\dist\extension.js:1:8182)
	at Generator.next (<anonymous>)
	at a (c:\Users\28207\.vscode\extensions\cl.keil-assistant-1.6.2\dist\extension.js:1:4344)] {
  errno: -4048,
  syscall: 'open',
  code: 'EPERM',
  path: 'c:\\Users\\28207\\Documents\\51\\STC89C52RC\\.vscode\\c_cpp_properties.json'
}
[Error: EPERM: operation not permitted, open 'c:\Users\28207\Documents\51\STC89C52RC\.vscode\c_cpp_properties.json'
	at Object.openSync (node:fs:605:3)
	at Object.func [as openSync] (node:electron/js2c/node_init:2:2214)
	at Object.writeFileSync (node:fs:2345:35)
	at a.Write (c:\Users\28207\.vscode\extensions\cl.keil-assistant-1.6.2\dist\extension.js:1:3479)
	at b.updateCppProperties (c:\Users\28207\.vscode\extensions\cl.keil-assistant-1.6.2\dist\extension.js:1:10334)
	at b.<anonymous> (c:\Users\28207\.vscode\extensions\cl.keil-assistant-1.6.2\dist\extension.js:1:11492)
	at Generator.next (<anonymous>)
	at c:\Users\28207\.vscode\extensions\cl.keil-assistant-1.6.2\dist\extension.js:1:4542
	at new Promise (<anonymous>)
	at r (c:\Users\28207\.vscode\extensions\cl.keil-assistant-1.6.2\dist\extension.js:1:4287)
	at b.load (c:\Users\28207\.vscode\extensions\cl.keil-assistant-1.6.2\dist\extension.js:1:10382)
	at x.<anonymous> (c:\Users\28207\.vscode\extensions\cl.keil-assistant-1.6.2\dist\extension.js:1:8182)
	at Generator.next (<anonymous>)
	at a (c:\Users\28207\.vscode\extensions\cl.keil-assistant-1.6.2\dist\extension.js:1:4344)
	at process.processTicksAndRejections (node:internal/process/task_queues:95:5)] {
  errno: -4048,
  syscall: 'open',
  code: 'EPERM',
  path: 'c:\\Users\\28207\\Documents\\51\\STC89C52RC\\.vscode\\c_cpp_properties.json'
}
[Error: EPERM: operation not permitted, open 'c:\Users\28207\Documents\51\STC89C52RC\.vscode\c_cpp_properties.json'
	at Object.openSync (node:fs:605:3)
	at Object.func [as openSync] (node:electron/js2c/node_init:2:2214)
	at Object.writeFileSync (node:fs:2345:35)
	at a.Write (c:\Users\28207\.vscode\extensions\cl.keil-assistant-1.6.2\dist\extension.js:1:3479)
	at b.updateCppProperties (c:\Users\28207\.vscode\extensions\cl.keil-assistant-1.6.2\dist\extension.js:1:10334)
	at b.<anonymous> (c:\Users\28207\.vscode\extensions\cl.keil-assistant-1.6.2\dist\extension.js:1:11492)
	at Generator.next (<anonymous>)
	at c:\Users\28207\.vscode\extensions\cl.keil-assistant-1.6.2\dist\extension.js:1:4542
	at new Promise (<anonymous>)
	at r (c:\Users\28207\.vscode\extensions\cl.keil-assistant-1.6.2\dist\extension.js:1:4287)
	at b.load (c:\Users\28207\.vscode\extensions\cl.keil-assistant-1.6.2\dist\extension.js:1:10382)
	at x.<anonymous> (c:\Users\28207\.vscode\extensions\cl.keil-assistant-1.6.2\dist\extension.js:1:8182)
	at Generator.next (<anonymous>)
	at a (c:\Users\28207\.vscode\extensions\cl.keil-assistant-1.6.2\dist\extension.js:1:4344)
	at process.processTicksAndRejections (node:internal/process/task_queues:95:5)] {
  errno: -4048,
  syscall: 'open',
  code: 'EPERM',
  path: 'c:\\Users\\28207\\Documents\\51\\STC89C52RC\\.vscode\\c_cpp_properties.json'
}
[Error: EPERM: operation not permitted, open 'c:\Users\28207\Documents\51\STC89C52RC\.vscode\c_cpp_properties.json'
	at Object.openSync (node:fs:605:3)
	at Object.func [as openSync] (node:electron/js2c/node_init:2:2214)
	at Object.writeFileSync (node:fs:2345:35)
	at a.Write (c:\Users\28207\.vscode\extensions\cl.keil-assistant-1.6.2\dist\extension.js:1:3479)
	at b.updateCppProperties (c:\Users\28207\.vscode\extensions\cl.keil-assistant-1.6.2\dist\extension.js:1:10334)
	at b.<anonymous> (c:\Users\28207\.vscode\extensions\cl.keil-assistant-1.6.2\dist\extension.js:1:11492)
	at Generator.next (<anonymous>)
	at c:\Users\28207\.vscode\extensions\cl.keil-assistant-1.6.2\dist\extension.js:1:4542
	at new Promise (<anonymous>)
	at r (c:\Users\28207\.vscode\extensions\cl.keil-assistant-1.6.2\dist\extension.js:1:4287)
	at b.load (c:\Users\28207\.vscode\extensions\cl.keil-assistant-1.6.2\dist\extension.js:1:10382)
	at x.<anonymous> (c:\Users\28207\.vscode\extensions\cl.keil-assistant-1.6.2\dist\extension.js:1:8182)
	at Generator.next (<anonymous>)
	at a (c:\Users\28207\.vscode\extensions\cl.keil-assistant-1.6.2\dist\extension.js:1:4344)
	at process.processTicksAndRejections (node:internal/process/task_queues:95:5)] {
  errno: -4048,
  syscall: 'open',
  code: 'EPERM',
  path: 'c:\\Users\\28207\\Documents\\51\\STC89C52RC\\.vscode\\c_cpp_properties.json'
}
[Error: EPERM: operation not permitted, open 'c:\Users\28207\Documents\51\STC89C52RC\.vscode\c_cpp_properties.json'
	at Object.openSync (node:fs:605:3)
	at Object.func [as openSync] (node:electron/js2c/node_init:2:2214)
	at Object.writeFileSync (node:fs:2345:35)
	at a.Write (c:\Users\28207\.vscode\extensions\cl.keil-assistant-1.6.2\dist\extension.js:1:3479)
	at b.updateCppProperties (c:\Users\28207\.vscode\extensions\cl.keil-assistant-1.6.2\dist\extension.js:1:10334)
	at b.<anonymous> (c:\Users\28207\.vscode\extensions\cl.keil-assistant-1.6.2\dist\extension.js:1:11492)
	at Generator.next (<anonymous>)
	at c:\Users\28207\.vscode\extensions\cl.keil-assistant-1.6.2\dist\extension.js:1:4542
	at new Promise (<anonymous>)
	at r (c:\Users\28207\.vscode\extensions\cl.keil-assistant-1.6.2\dist\extension.js:1:4287)
	at b.load (c:\Users\28207\.vscode\extensions\cl.keil-assistant-1.6.2\dist\extension.js:1:10382)
	at x.<anonymous> (c:\Users\28207\.vscode\extensions\cl.keil-assistant-1.6.2\dist\extension.js:1:8182)
	at Generator.next (<anonymous>)
	at a (c:\Users\28207\.vscode\extensions\cl.keil-assistant-1.6.2\dist\extension.js:1:4344)
	at process.processTicksAndRejections (node:internal/process/task_queues:95:5)] {
  errno: -4048,
  syscall: 'open',
  code: 'EPERM',
  path: 'c:\\Users\\28207\\Documents\\51\\STC89C52RC\\.vscode\\c_cpp_properties.json'
}
[Error: EPERM: operation not permitted, open 'c:\Users\28207\Documents\51\STC89C52RC\.vscode\c_cpp_properties.json'
	at Object.openSync (node:fs:605:3)
	at Object.func [as openSync] (node:electron/js2c/node_init:2:2214)
	at Object.writeFileSync (node:fs:2345:35)
	at a.Write (c:\Users\28207\.vscode\extensions\cl.keil-assistant-1.6.2\dist\extension.js:1:3479)
	at b.updateCppProperties (c:\Users\28207\.vscode\extensions\cl.keil-assistant-1.6.2\dist\extension.js:1:10334)
	at b.<anonymous> (c:\Users\28207\.vscode\extensions\cl.keil-assistant-1.6.2\dist\extension.js:1:11492)
	at Generator.next (<anonymous>)
	at c:\Users\28207\.vscode\extensions\cl.keil-assistant-1.6.2\dist\extension.js:1:4542
	at new Promise (<anonymous>)
	at r (c:\Users\28207\.vscode\extensions\cl.keil-assistant-1.6.2\dist\extension.js:1:4287)
	at b.load (c:\Users\28207\.vscode\extensions\cl.keil-assistant-1.6.2\dist\extension.js:1:10382)
	at x.<anonymous> (c:\Users\28207\.vscode\extensions\cl.keil-assistant-1.6.2\dist\extension.js:1:8182)
	at Generator.next (<anonymous>)
	at a (c:\Users\28207\.vscode\extensions\cl.keil-assistant-1.6.2\dist\extension.js:1:4344)
	at process.processTicksAndRejections (node:internal/process/task_queues:95:5)] {
  errno: -4048,
  syscall: 'open',
  code: 'EPERM',
  path: 'c:\\Users\\28207\\Documents\\51\\STC89C52RC\\.vscode\\c_cpp_properties.json'
}
[Error: EPERM: operation not permitted, open 'c:\Users\28207\Documents\51\STC89C52RC\.vscode\c_cpp_properties.json'
	at Object.openSync (node:fs:605:3)
	at Object.func [as openSync] (node:electron/js2c/node_init:2:2214)
	at Object.writeFileSync (node:fs:2345:35)
	at a.Write (c:\Users\28207\.vscode\extensions\cl.keil-assistant-1.6.2\dist\extension.js:1:3479)
	at b.updateCppProperties (c:\Users\28207\.vscode\extensions\cl.keil-assistant-1.6.2\dist\extension.js:1:10334)
	at b.<anonymous> (c:\Users\28207\.vscode\extensions\cl.keil-assistant-1.6.2\dist\extension.js:1:11492)
	at Generator.next (<anonymous>)
	at c:\Users\28207\.vscode\extensions\cl.keil-assistant-1.6.2\dist\extension.js:1:4542
	at new Promise (<anonymous>)
	at r (c:\Users\28207\.vscode\extensions\cl.keil-assistant-1.6.2\dist\extension.js:1:4287)
	at b.load (c:\Users\28207\.vscode\extensions\cl.keil-assistant-1.6.2\dist\extension.js:1:10382)
	at x.<anonymous> (c:\Users\28207\.vscode\extensions\cl.keil-assistant-1.6.2\dist\extension.js:1:8182)
	at Generator.next (<anonymous>)
	at a (c:\Users\28207\.vscode\extensions\cl.keil-assistant-1.6.2\dist\extension.js:1:4344)
	at process.processTicksAndRejections (node:internal/process/task_queues:95:5)] {
  errno: -4048,
  syscall: 'open',
  code: 'EPERM',
  path: 'c:\\Users\\28207\\Documents\\51\\STC89C52RC\\.vscode\\c_cpp_properties.json'
}
