C51 COMPILER V9.54   LBL                                                                   05/07/2024 21:22:16 PAGE 1   


C51 COMPILER V9.54, COMPILATION OF MODULE LBL
OBJECT MODULE PLACED IN .\Objects\LBL.obj
COMPILER INVOKED BY: C:\Keil_v5\C51\BIN\C51.EXE LBL.c OPTIMIZE(8,SPEED) BROWSE INCDIR(C:\Keil_v5\C51\INC) DEBUG OBJECTEX
                    -TEND PRINT(.\Listings\LBL.lst) TABS(2) OBJECT(.\Objects\LBL.obj)

line level    source

   1          #include <REGX52.H>
   2          #include "intrins.h"
   3          
   4          // 延迟一毫秒
   5          void Delay1ms(unsigned int xms) //@11.0592MHz
   6          {
   7   1          unsigned char i, j;
   8   1          while (xms)
   9   1          {
  10   2              _nop_();
  11   2              i = 2;
  12   2              j = 199;
  13   2              do
  14   2              {
  15   3                  while (--j)
  16   3                      ;
  17   3              } while (--i);
  18   2              xms--;
  19   2          }
  20   1      }
  21          // 静态数码管显示
  22          
  23          void Nixie(unsigned char Location, unsigned char Number)
  24          {
  25   1          unsigned char NixieTable[] = {0x3F, 0x06, 0x5B, 0x4F, 0x66, 0x6D, 0x7D, 0x07, 0x7F, 0x6F};
  26   1          switch (Location)
  27   1          {
  28   2          case 1:
  29   2              P2_4 = 1;
  30   2              P2_3 = 1;
  31   2              P2_2 = 1;
  32   2              break;
  33   2          case 2:
  34   2              P2_4 = 1;
  35   2              P2_3 = 1;
  36   2              P2_2 = 0;
  37   2              break;
  38   2          case 3:
  39   2              P2_4 = 1;
  40   2              P2_3 = 0;
  41   2              P2_2 = 1;
  42   2              break;
  43   2          case 4:
  44   2              P2_4 = 1;
  45   2              P2_3 = 0;
  46   2              P2_2 = 0;
  47   2              break;
  48   2          case 5:
  49   2              P2_4 = 0;
  50   2              P2_3 = 1;
  51   2              P2_2 = 1;
  52   2              break;
  53   2          case 6:
  54   2              P2_4 = 0;
C51 COMPILER V9.54   LBL                                                                   05/07/2024 21:22:16 PAGE 2   

  55   2              P2_3 = 1;
  56   2              P2_2 = 0;
  57   2              break;
  58   2          case 7:
  59   2              P2_4 = 0;
  60   2              P2_3 = 0;
  61   2              P2_2 = 1;
  62   2              break;
  63   2          case 8:
  64   2              P2_4 = 0;
  65   2              P2_3 = 0;
  66   2              P2_2 = 0;
  67   2              break;
  68   2          }
  69   1      
  70   1          P0 = NixieTable[Number];
  71   1          Delay1ms(1);
  72   1          P0 = 0x00;
  73   1      }//获取独立按键码
  74          unsigned char Key(){
  75   1          unsigned char KeyNumber = 0;
  76   1          if(P3_1 ==0){
  77   2              Delay1ms(20);
  78   2              while(P3_1 ==0)
  79   2                  ;
  80   2              Delay1ms(20);
  81   2              KeyNumber = 1;
  82   2          }
  83   1          if(P3_0 ==0){
  84   2              Delay1ms(20);
  85   2              while(P3_0 ==0)
  86   2                  ;
  87   2              Delay1ms(20);
  88   2              KeyNumber = 2;
  89   2          }
  90   1          if(P3_2 ==0){
  91   2              Delay1ms(20);
  92   2              while(P3_2 ==0)
  93   2                  ;
  94   2              Delay1ms(20);
  95   2              KeyNumber = 3;
  96   2          }
  97   1          if(P3_3 ==0){
  98   2              Delay1ms(20);
  99   2              while(P3_3 ==0)
 100   2                  ;
 101   2              Delay1ms(20);
 102   2              KeyNumber = 4;
 103   2          }
 104   1          return KeyNumber;
 105   1      }
 106          //定时器
 107          void Timer0Init(void) // 1毫秒@11.0592MHz
 108          {
 109   1          TMOD &= 0xF0; // 设置定时器模式
 110   1          TMOD |= 0x01; // 设置定时器模式
 111   1          TL0 = 0x66;   // 设置定时初值
 112   1          TH0 = 0xFC;   // 设置定时初值
 113   1          TF0 = 0;      // 清除TF0标志
 114   1          TR0 = 1;      // 定时器0开始计时
 115   1          ET0 = 1;
 116   1          EA = 1;
C51 COMPILER V9.54   LBL                                                                   05/07/2024 21:22:16 PAGE 3   

 117   1          PT0 = 0;
 118   1      }
 119          // 定时器中断模板
 120          // void Timer0_Routine() interrupt 1
 121          // {
 122          //     static unsigned int T0Count = 0;
 123          //     TL0 = 0x66; // 设置定时初值
 124          //     TH0 = 0xFC; // 设置定时初值
 125          //     T0Count++;
 126          //     if (T0Count >= 1000)
 127          //     {
 128          //         T0Count = 0;
 129          //         P2_0 = ~P2_0;
 130          //     }
 131          // }
 132          // 初始化串口
 133          void Uart_Init(void) // 4800bps@11.0592MHz
 134          {
 135   1          PCON &= 0x7F; // 波特率不倍速
 136   1          SCON = 0x40;  // 8位数据,可变波特率
 137   1      
 138   1          TMOD &= 0x0F; // 清除定时器1模式位
 139   1          TMOD |= 0x20; // 设定定时器1为8位自动重装方式
 140   1          TL1 = 0xFA;   // 设定定时初值
 141   1          TH1 = 0xFA;   // 设定定时器重装值
 142   1          ET1 = 0;      // 禁止定时器1中断
 143   1          TR1 = 1;      // 启动定时器1
 144   1      }
 145          
 146          // 串口向电脑发送数据
 147          void UART_SendByte(unsigned char Byte)
 148          {
 149   1          SBUF = Byte;
 150   1          while (TI == 0)
 151   1              ;
 152   1          TI = 0;
 153   1      }
 154          // LED点阵屏显示图形
 155          sbit RCK = P3 ^ 5; // RCLK
 156          sbit SCK = P3 ^ 6; // SRCLK
 157          sbit SER = P3 ^ 4; // SER
 158          // 74HC595写入一个字节
 159          void _74HC595_WriteByte(unsigned char Byte)
 160          {
 161   1          unsigned char i;
 162   1          for (i = 0; i < 8; i++)
 163   1          {
 164   2              SER = Byte & (0x80 >> i);
 165   2              SCK = 1;
 166   2              SCK = 0;
 167   2          }
 168   1          RCK = 1;
 169   1          RCK = 0;
 170   1      }
 171          // LED点阵屏显示一列数据
 172          void MatrixLED_ShowColumn(unsigned char Column, unsigned char Data)
 173          {
 174   1          _74HC595_WriteByte(Data);
 175   1          P0 = ~(0x80 >> Column);
 176   1          Delay1ms(1);
 177   1          P0 = 0xFF;
 178   1      }
C51 COMPILER V9.54   LBL                                                                   05/07/2024 21:22:16 PAGE 4   



MODULE INFORMATION:   STATIC OVERLAYABLE
   CODE SIZE        =    358    ----
   CONSTANT SIZE    =     10    ----
   XDATA SIZE       =   ----    ----
   PDATA SIZE       =   ----    ----
   DATA SIZE        =   ----      12
   IDATA SIZE       =   ----    ----
   BIT SIZE         =   ----    ----
END OF MODULE INFORMATION.


C51 COMPILATION COMPLETE.  0 WARNING(S),  0 ERROR(S)
